     -------------------------------------------------------------------------------------------------------------------------------------------------------------------------------------------------------------------------------------------------------------------------
     |  c |  o |  n |  s |  t |  v |  a |  r |  m |  i |  f |  l |  g |  . |  ; |  e |  : |  p |  u |  = |  ! |  ~ |  + |  - |  * |  / |  ( |  ) |  , |  ' |  " |  b |  d |  h |  j |  k |  q |  w |  x |  y |  z |  1 |  2 |  3 |  4 |  5 |  6 |  7 |  8 |  9 |  0 |  _ |  & |
     -------------------------------------------------------------------------------------------------------------------------------------------------------------------------------------------------------------------------------------------------------------------------
   0:| 75 | 102 | 63 | 108 | 63 | 114 | 63 | 63 | 98 | 91 | 84 | 63 | 63 | 32 | 33 | 80 | 38 | 63 | 63 | 50 | 51 | 52 | 53 | 54 | 55 | 56 | 57 | 58 | 59 | 60 | 61 | 63 | 63 | 63 | 63 | 63 | 63 | 63 | 63 | 63 | 63 | -  | -  | -  | -  | -  | -  | -  | -  | -  | -  | -  | -  |
# 32:| -  | -  | -  | -  | -  | -  | -  | -  | -  | -  | -  | -  | -  | -  | -  | -  | -  | -  | -  | -  | -  | -  | -  | -  | -  | -  | -  | -  | -  | -  | -  | -  | -  | -  | -  | -  | -  | -  | -  | -  | -  | -  | -  | -  | -  | -  | -  | -  | -  | -  | -  | -  | -  |
# 33:| -  | -  | -  | -  | -  | -  | -  | -  | -  | -  | -  | -  | -  | -  | -  | -  | -  | -  | -  | -  | -  | -  | -  | -  | -  | -  | -  | -  | -  | -  | -  | -  | -  | -  | -  | -  | -  | -  | -  | -  | -  | -  | -  | -  | -  | -  | -  | -  | -  | -  | -  | -  | -  |
# 38:| -  | -  | -  | -  | -  | -  | -  | -  | -  | -  | -  | -  | -  | -  | -  | -  | -  | -  | -  | -  | -  | -  | -  | -  | -  | -  | -  | -  | -  | -  | -  | -  | -  | -  | -  | -  | -  | -  | -  | -  | -  | -  | -  | -  | -  | -  | -  | -  | -  | -  | -  | -  | -  |
# 50:| -  | -  | -  | -  | -  | -  | -  | -  | -  | -  | -  | -  | -  | -  | -  | -  | -  | -  | -  | -  | -  | -  | -  | -  | -  | -  | -  | -  | -  | -  | -  | -  | -  | -  | -  | -  | -  | -  | -  | -  | -  | -  | -  | -  | -  | -  | -  | -  | -  | -  | -  | -  | -  |
# 51:| -  | -  | -  | -  | -  | -  | -  | -  | -  | -  | -  | -  | -  | -  | -  | -  | -  | -  | -  | -  | -  | -  | -  | -  | -  | -  | -  | -  | -  | -  | -  | -  | -  | -  | -  | -  | -  | -  | -  | -  | -  | -  | -  | -  | -  | -  | -  | -  | -  | -  | -  | -  | -  |
# 52:| -  | -  | -  | -  | -  | -  | -  | -  | -  | -  | -  | -  | -  | -  | -  | -  | -  | -  | -  | -  | -  | -  | -  | -  | -  | -  | -  | -  | -  | -  | -  | -  | -  | -  | -  | -  | -  | -  | -  | -  | -  | -  | -  | -  | -  | -  | -  | -  | -  | -  | -  | -  | -  |
# 53:| -  | -  | -  | -  | -  | -  | -  | -  | -  | -  | -  | -  | -  | -  | -  | -  | -  | -  | -  | -  | -  | -  | -  | -  | -  | -  | -  | -  | -  | -  | -  | -  | -  | -  | -  | -  | -  | -  | -  | -  | -  | -  | -  | -  | -  | -  | -  | -  | -  | -  | -  | -  | -  |
# 54:| -  | -  | -  | -  | -  | -  | -  | -  | -  | -  | -  | -  | -  | -  | -  | -  | -  | -  | -  | -  | -  | -  | -  | -  | -  | -  | -  | -  | -  | -  | -  | -  | -  | -  | -  | -  | -  | -  | -  | -  | -  | -  | -  | -  | -  | -  | -  | -  | -  | -  | -  | -  | -  |
# 55:| -  | -  | -  | -  | -  | -  | -  | -  | -  | -  | -  | -  | -  | -  | -  | -  | -  | -  | -  | -  | -  | -  | -  | -  | -  | -  | -  | -  | -  | -  | -  | -  | -  | -  | -  | -  | -  | -  | -  | -  | -  | -  | -  | -  | -  | -  | -  | -  | -  | -  | -  | -  | -  |
# 56:| -  | -  | -  | -  | -  | -  | -  | -  | -  | -  | -  | -  | -  | -  | -  | -  | -  | -  | -  | -  | -  | -  | -  | -  | -  | -  | -  | -  | -  | -  | -  | -  | -  | -  | -  | -  | -  | -  | -  | -  | -  | -  | -  | -  | -  | -  | -  | -  | -  | -  | -  | -  | -  |
# 57:| -  | -  | -  | -  | -  | -  | -  | -  | -  | -  | -  | -  | -  | -  | -  | -  | -  | -  | -  | -  | -  | -  | -  | -  | -  | -  | -  | -  | -  | -  | -  | -  | -  | -  | -  | -  | -  | -  | -  | -  | -  | -  | -  | -  | -  | -  | -  | -  | -  | -  | -  | -  | -  |
# 58:| -  | -  | -  | -  | -  | -  | -  | -  | -  | -  | -  | -  | -  | -  | -  | -  | -  | -  | -  | -  | -  | -  | -  | -  | -  | -  | -  | -  | -  | -  | -  | -  | -  | -  | -  | -  | -  | -  | -  | -  | -  | -  | -  | -  | -  | -  | -  | -  | -  | -  | -  | -  | -  |
# 59:| -  | -  | -  | -  | -  | -  | -  | -  | -  | -  | -  | -  | -  | -  | -  | -  | -  | -  | -  | -  | -  | -  | -  | -  | -  | -  | -  | -  | -  | -  | -  | -  | -  | -  | -  | -  | -  | -  | -  | -  | -  | -  | -  | -  | -  | -  | -  | -  | -  | -  | -  | -  | -  |
# 60:| -  | -  | -  | -  | -  | -  | -  | -  | -  | -  | -  | -  | -  | -  | -  | -  | -  | -  | -  | -  | -  | -  | -  | -  | -  | -  | -  | -  | -  | -  | -  | -  | -  | -  | -  | -  | -  | -  | -  | -  | -  | -  | -  | -  | -  | -  | -  | -  | -  | -  | -  | -  | -  |
# 61:| -  | -  | -  | -  | -  | -  | -  | -  | -  | -  | -  | -  | -  | -  | -  | -  | -  | -  | -  | -  | -  | -  | -  | -  | -  | -  | -  | -  | -  | -  | -  | -  | -  | -  | -  | -  | -  | -  | -  | -  | -  | -  | -  | -  | -  | -  | -  | -  | -  | -  | -  | -  | -  |
# 63:| 63 | 63 | 63 | 63 | 63 | 63 | 63 | 63 | 63 | 63 | 63 | 63 | 63 | -  | -  | 63 | -  | 63 | 63 | -  | -  | -  | -  | -  | -  | -  | -  | -  | -  | -  | -  | 63 | 63 | 63 | 63 | 63 | 63 | 63 | 63 | 63 | 63 | 63 | 63 | 63 | 63 | 63 | 63 | 63 | 63 | 63 | 63 | 63 | -  |
# 75:| 63 | 76 | 63 | 63 | 63 | 63 | 63 | 63 | 63 | 63 | 63 | 63 | 63 | -  | -  | 63 | -  | 63 | 63 | -  | -  | -  | -  | -  | -  | -  | -  | -  | -  | -  | -  | 63 | 63 | 63 | 63 | 63 | 63 | 63 | 63 | 63 | 63 | 63 | 63 | 63 | 63 | 63 | 63 | 63 | 63 | 63 | 63 | 63 | -  |
# 76:| 63 | 63 | 77 | 63 | 63 | 63 | 63 | 63 | 63 | 63 | 63 | 63 | 63 | -  | -  | 63 | -  | 63 | 63 | -  | -  | -  | -  | -  | -  | -  | -  | -  | -  | -  | -  | 63 | 63 | 63 | 63 | 63 | 63 | 63 | 63 | 63 | 63 | 63 | 63 | 63 | 63 | 63 | 63 | 63 | 63 | 63 | 63 | 63 | -  |
# 77:| 63 | 63 | 63 | 78 | 63 | 63 | 63 | 63 | 63 | 63 | 63 | 63 | 63 | -  | -  | 63 | -  | 63 | 63 | -  | -  | -  | -  | -  | -  | -  | -  | -  | -  | -  | -  | 63 | 63 | 63 | 63 | 63 | 63 | 63 | 63 | 63 | 63 | 63 | 63 | 63 | 63 | 63 | 63 | 63 | 63 | 63 | 63 | 63 | -  |
# 78:| 63 | 63 | 63 | 63 | 79 | 63 | 63 | 63 | 63 | 63 | 63 | 63 | 63 | -  | -  | 63 | -  | 63 | 63 | -  | -  | -  | -  | -  | -  | -  | -  | -  | -  | -  | -  | 63 | 63 | 63 | 63 | 63 | 63 | 63 | 63 | 63 | 63 | 63 | 63 | 63 | 63 | 63 | 63 | 63 | 63 | 63 | 63 | 63 | -  |
# 79:| 63 | 63 | 63 | 63 | 63 | 63 | 63 | 63 | 63 | 63 | 63 | 63 | 63 | -  | -  | 63 | -  | 63 | 63 | -  | -  | -  | -  | -  | -  | -  | -  | -  | -  | -  | -  | 63 | 63 | 63 | 63 | 63 | 63 | 63 | 63 | 63 | 63 | 63 | 63 | 63 | 63 | 63 | 63 | 63 | 63 | 63 | 63 | 63 | -  |
# 80:| 63 | 63 | 63 | 63 | 63 | 63 | 63 | 63 | 63 | 63 | 63 | 81 | 63 | -  | -  | 63 | -  | 63 | 63 | -  | -  | -  | -  | -  | -  | -  | -  | -  | -  | -  | -  | 63 | 63 | 63 | 63 | 63 | 63 | 63 | 63 | 63 | 63 | 63 | 63 | 63 | 63 | 63 | 63 | 63 | 63 | 63 | 63 | 63 | -  |
# 81:| 63 | 63 | 63 | 82 | 63 | 63 | 63 | 63 | 63 | 63 | 63 | 63 | 63 | -  | -  | 63 | -  | 63 | 63 | -  | -  | -  | -  | -  | -  | -  | -  | -  | -  | -  | -  | 63 | 63 | 63 | 63 | 63 | 63 | 63 | 63 | 63 | 63 | 63 | 63 | 63 | 63 | 63 | 63 | 63 | 63 | 63 | 63 | 63 | -  |
# 82:| 63 | 63 | 63 | 63 | 63 | 63 | 63 | 63 | 63 | 63 | 63 | 63 | 63 | -  | -  | 83 | -  | 63 | 63 | -  | -  | -  | -  | -  | -  | -  | -  | -  | -  | -  | -  | 63 | 63 | 63 | 63 | 63 | 63 | 63 | 63 | 63 | 63 | 63 | 63 | 63 | 63 | 63 | 63 | 63 | 63 | 63 | 63 | 63 | -  |
# 83:| 63 | 63 | 63 | 63 | 63 | 63 | 63 | 63 | 63 | 63 | 63 | 63 | 63 | -  | -  | 63 | -  | 63 | 63 | -  | -  | -  | -  | -  | -  | -  | -  | -  | -  | -  | -  | 63 | 63 | 63 | 63 | 63 | 63 | 63 | 63 | 63 | 63 | 63 | 63 | 63 | 63 | 63 | 63 | 63 | 63 | 63 | 63 | 63 | -  |
# 84:| 63 | 85 | 63 | 63 | 63 | 63 | 63 | 63 | 63 | 63 | 63 | 87 | 63 | -  | -  | 63 | -  | 63 | 63 | -  | -  | -  | -  | -  | -  | -  | -  | -  | -  | -  | -  | 63 | 63 | 63 | 63 | 63 | 63 | 63 | 63 | 63 | 63 | 63 | 63 | 63 | 63 | 63 | 63 | 63 | 63 | 63 | 63 | 63 | -  |
# 85:| 63 | 63 | 63 | 63 | 63 | 63 | 63 | 86 | 63 | 63 | 63 | 63 | 63 | -  | -  | 63 | -  | 63 | 63 | -  | -  | -  | -  | -  | -  | -  | -  | -  | -  | -  | -  | 63 | 63 | 63 | 63 | 63 | 63 | 63 | 63 | 63 | 63 | 63 | 63 | 63 | 63 | 63 | 63 | 63 | 63 | 63 | 63 | 63 | -  |
# 86:| 63 | 63 | 63 | 63 | 63 | 63 | 63 | 63 | 63 | 63 | 63 | 63 | 63 | -  | -  | 63 | -  | 63 | 63 | -  | -  | -  | -  | -  | -  | -  | -  | -  | -  | -  | -  | 63 | 63 | 63 | 63 | 63 | 63 | 63 | 63 | 63 | 63 | 63 | 63 | 63 | 63 | 63 | 63 | 63 | 63 | 63 | 63 | 63 | -  |
# 87:| 63 | 88 | 63 | 63 | 63 | 63 | 63 | 63 | 63 | 63 | 63 | 63 | 63 | -  | -  | 63 | -  | 63 | 63 | -  | -  | -  | -  | -  | -  | -  | -  | -  | -  | -  | -  | 63 | 63 | 63 | 63 | 63 | 63 | 63 | 63 | 63 | 63 | 63 | 63 | 63 | 63 | 63 | 63 | 63 | 63 | 63 | 63 | 63 | -  |
# 88:| 63 | 63 | 63 | 63 | 63 | 63 | 89 | 63 | 63 | 63 | 63 | 63 | 63 | -  | -  | 63 | -  | 63 | 63 | -  | -  | -  | -  | -  | -  | -  | -  | -  | -  | -  | -  | 63 | 63 | 63 | 63 | 63 | 63 | 63 | 63 | 63 | 63 | 63 | 63 | 63 | 63 | 63 | 63 | 63 | 63 | 63 | 63 | 63 | -  |
# 89:| 63 | 63 | 63 | 63 | 90 | 63 | 63 | 63 | 63 | 63 | 63 | 63 | 63 | -  | -  | 63 | -  | 63 | 63 | -  | -  | -  | -  | -  | -  | -  | -  | -  | -  | -  | -  | 63 | 63 | 63 | 63 | 63 | 63 | 63 | 63 | 63 | 63 | 63 | 63 | 63 | 63 | 63 | 63 | 63 | 63 | 63 | 63 | 63 | -  |
# 90:| 63 | 63 | 63 | 63 | 63 | 63 | 63 | 63 | 63 | 63 | 63 | 63 | 63 | -  | -  | 63 | -  | 63 | 63 | -  | -  | -  | -  | -  | -  | -  | -  | -  | -  | -  | -  | 63 | 63 | 63 | 63 | 63 | 63 | 63 | 63 | 63 | 63 | 63 | 63 | 63 | 63 | 63 | 63 | 63 | 63 | 63 | 63 | 63 | -  |
# 91:| 63 | 63 | 93 | 63 | 63 | 63 | 63 | 63 | 63 | 63 | 92 | 63 | 63 | -  | -  | 63 | -  | 63 | 63 | -  | -  | -  | -  | -  | -  | -  | -  | -  | -  | -  | -  | 63 | 63 | 63 | 63 | 63 | 63 | 63 | 63 | 63 | 63 | 63 | 63 | 63 | 63 | 63 | 63 | 63 | 63 | 63 | 63 | 63 | -  |
# 92:| 63 | 63 | 63 | 63 | 63 | 63 | 63 | 63 | 63 | 63 | 63 | 63 | 63 | -  | -  | 63 | -  | 63 | 63 | -  | -  | -  | -  | -  | -  | -  | -  | -  | -  | -  | -  | 63 | 63 | 63 | 63 | 63 | 63 | 63 | 63 | 63 | 63 | 63 | 63 | 63 | 63 | 63 | 63 | 63 | 63 | 63 | 63 | 63 | -  |
# 93:| 63 | 63 | 63 | 63 | 94 | 63 | 63 | 63 | 63 | 63 | 63 | 63 | 63 | -  | -  | 63 | -  | 95 | 63 | -  | -  | -  | -  | -  | -  | -  | -  | -  | -  | -  | -  | 63 | 63 | 63 | 63 | 63 | 63 | 63 | 63 | 63 | 63 | 63 | 63 | 63 | 63 | 63 | 63 | 63 | 63 | 63 | 63 | 63 | -  |
# 94:| 63 | 63 | 63 | 63 | 63 | 63 | 63 | 63 | 63 | 63 | 63 | 63 | 63 | -  | -  | 63 | -  | 63 | 63 | -  | -  | -  | -  | -  | -  | -  | -  | -  | -  | -  | -  | 63 | 63 | 63 | 63 | 63 | 63 | 63 | 63 | 63 | 63 | 63 | 63 | 63 | 63 | 63 | 63 | 63 | 63 | 63 | 63 | 63 | -  |
# 95:| 63 | 63 | 63 | 63 | 63 | 63 | 63 | 63 | 63 | 63 | 63 | 63 | 63 | -  | -  | 63 | -  | 63 | 96 | -  | -  | -  | -  | -  | -  | -  | -  | -  | -  | -  | -  | 63 | 63 | 63 | 63 | 63 | 63 | 63 | 63 | 63 | 63 | 63 | 63 | 63 | 63 | 63 | 63 | 63 | 63 | 63 | 63 | 63 | -  |
# 96:| 63 | 63 | 63 | 63 | 97 | 63 | 63 | 63 | 63 | 63 | 63 | 63 | 63 | -  | -  | 63 | -  | 63 | 63 | -  | -  | -  | -  | -  | -  | -  | -  | -  | -  | -  | -  | 63 | 63 | 63 | 63 | 63 | 63 | 63 | 63 | 63 | 63 | 63 | 63 | 63 | 63 | 63 | 63 | 63 | 63 | 63 | 63 | 63 | -  |
# 97:| 63 | 63 | 63 | 63 | 63 | 63 | 63 | 63 | 63 | 63 | 63 | 63 | 63 | -  | -  | 63 | -  | 63 | 63 | -  | -  | -  | -  | -  | -  | -  | -  | -  | -  | -  | -  | 63 | 63 | 63 | 63 | 63 | 63 | 63 | 63 | 63 | 63 | 63 | 63 | 63 | 63 | 63 | 63 | 63 | 63 | 63 | 63 | 63 | -  |
# 98:| 63 | 63 | 63 | 63 | 63 | 63 | 99 | 63 | 63 | 63 | 63 | 63 | 63 | -  | -  | 63 | -  | 63 | 63 | -  | -  | -  | -  | -  | -  | -  | -  | -  | -  | -  | -  | 63 | 63 | 63 | 63 | 63 | 63 | 63 | 63 | 63 | 63 | 63 | 63 | 63 | 63 | 63 | 63 | 63 | 63 | 63 | 63 | 63 | -  |
# 99:| 63 | 63 | 63 | 63 | 63 | 63 | 63 | 63 | 63 | 100 | 63 | 63 | 63 | -  | -  | 63 | -  | 63 | 63 | -  | -  | -  | -  | -  | -  | -  | -  | -  | -  | -  | -  | 63 | 63 | 63 | 63 | 63 | 63 | 63 | 63 | 63 | 63 | 63 | 63 | 63 | 63 | 63 | 63 | 63 | 63 | 63 | 63 | 63 | -  |
#100:| 63 | 63 | 101 | 63 | 63 | 63 | 63 | 63 | 63 | 63 | 63 | 63 | 63 | -  | -  | 63 | -  | 63 | 63 | -  | -  | -  | -  | -  | -  | -  | -  | -  | -  | -  | -  | 63 | 63 | 63 | 63 | 63 | 63 | 63 | 63 | 63 | 63 | 63 | 63 | 63 | 63 | 63 | 63 | 63 | 63 | 63 | 63 | 63 | -  |
#101:| 63 | 63 | 63 | 63 | 63 | 63 | 63 | 63 | 63 | 63 | 63 | 63 | 63 | -  | -  | 63 | -  | 63 | 63 | -  | -  | -  | -  | -  | -  | -  | -  | -  | -  | -  | -  | 63 | 63 | 63 | 63 | 63 | 63 | 63 | 63 | 63 | 63 | 63 | 63 | 63 | 63 | 63 | 63 | 63 | 63 | 63 | 63 | 63 | -  |
#102:| 63 | 63 | 63 | 63 | 63 | 63 | 63 | 63 | 63 | 63 | 63 | 63 | 63 | -  | -  | 63 | -  | 63 | 103 | -  | -  | -  | -  | -  | -  | -  | -  | -  | -  | -  | -  | 63 | 63 | 63 | 63 | 63 | 63 | 63 | 63 | 63 | 63 | 63 | 63 | 63 | 63 | 63 | 63 | 63 | 63 | 63 | 63 | 63 | -  |
#103:| 63 | 63 | 63 | 63 | 104 | 63 | 63 | 63 | 63 | 63 | 63 | 63 | 63 | -  | -  | 63 | -  | 63 | 63 | -  | -  | -  | -  | -  | -  | -  | -  | -  | -  | -  | -  | 63 | 63 | 63 | 63 | 63 | 63 | 63 | 63 | 63 | 63 | 63 | 63 | 63 | 63 | 63 | 63 | 63 | 63 | 63 | 63 | 63 | -  |
#104:| 63 | 63 | 63 | 63 | 63 | 63 | 63 | 63 | 63 | 63 | 63 | 63 | 63 | -  | -  | 63 | -  | 105 | 63 | -  | -  | -  | -  | -  | -  | -  | -  | -  | -  | -  | -  | 63 | 63 | 63 | 63 | 63 | 63 | 63 | 63 | 63 | 63 | 63 | 63 | 63 | 63 | 63 | 63 | 63 | 63 | 63 | 63 | 63 | -  |
#105:| 63 | 63 | 63 | 63 | 63 | 63 | 63 | 63 | 63 | 63 | 63 | 63 | 63 | -  | -  | 63 | -  | 63 | 106 | -  | -  | -  | -  | -  | -  | -  | -  | -  | -  | -  | -  | 63 | 63 | 63 | 63 | 63 | 63 | 63 | 63 | 63 | 63 | 63 | 63 | 63 | 63 | 63 | 63 | 63 | 63 | 63 | 63 | 63 | -  |
#106:| 63 | 63 | 63 | 63 | 107 | 63 | 63 | 63 | 63 | 63 | 63 | 63 | 63 | -  | -  | 63 | -  | 63 | 63 | -  | -  | -  | -  | -  | -  | -  | -  | -  | -  | -  | -  | 63 | 63 | 63 | 63 | 63 | 63 | 63 | 63 | 63 | 63 | 63 | 63 | 63 | 63 | 63 | 63 | 63 | 63 | 63 | 63 | 63 | -  |
#107:| 63 | 63 | 63 | 63 | 63 | 63 | 63 | 63 | 63 | 63 | 63 | 63 | 63 | -  | -  | 63 | -  | 63 | 63 | -  | -  | -  | -  | -  | -  | -  | -  | -  | -  | -  | -  | 63 | 63 | 63 | 63 | 63 | 63 | 63 | 63 | 63 | 63 | 63 | 63 | 63 | 63 | 63 | 63 | 63 | 63 | 63 | 63 | 63 | -  |
#108:| 63 | 63 | 63 | 63 | 109 | 63 | 63 | 63 | 63 | 63 | 63 | 63 | 63 | -  | -  | 63 | -  | 63 | 63 | -  | -  | -  | -  | -  | -  | -  | -  | -  | -  | -  | -  | 63 | 63 | 63 | 63 | 63 | 63 | 63 | 63 | 63 | 63 | 63 | 63 | 63 | 63 | 63 | 63 | 63 | 63 | 63 | 63 | 63 | -  |
#109:| 63 | 63 | 63 | 63 | 63 | 63 | 63 | 110 | 63 | 63 | 63 | 63 | 63 | -  | -  | 63 | -  | 63 | 63 | -  | -  | -  | -  | -  | -  | -  | -  | -  | -  | -  | -  | 63 | 63 | 63 | 63 | 63 | 63 | 63 | 63 | 63 | 63 | 63 | 63 | 63 | 63 | 63 | 63 | 63 | 63 | 63 | 63 | 63 | -  |
#110:| 63 | 63 | 63 | 63 | 63 | 63 | 63 | 63 | 63 | 111 | 63 | 63 | 63 | -  | -  | 63 | -  | 63 | 63 | -  | -  | -  | -  | -  | -  | -  | -  | -  | -  | -  | -  | 63 | 63 | 63 | 63 | 63 | 63 | 63 | 63 | 63 | 63 | 63 | 63 | 63 | 63 | 63 | 63 | 63 | 63 | 63 | 63 | 63 | -  |
#111:| 63 | 63 | 112 | 63 | 63 | 63 | 63 | 63 | 63 | 63 | 63 | 63 | 63 | -  | -  | 63 | -  | 63 | 63 | -  | -  | -  | -  | -  | -  | -  | -  | -  | -  | -  | -  | 63 | 63 | 63 | 63 | 63 | 63 | 63 | 63 | 63 | 63 | 63 | 63 | 63 | 63 | 63 | 63 | 63 | 63 | 63 | 63 | 63 | -  |
#112:| 63 | 63 | 63 | 63 | 63 | 63 | 63 | 63 | 63 | 63 | 63 | 63 | 113 | -  | -  | 63 | -  | 63 | 63 | -  | -  | -  | -  | -  | -  | -  | -  | -  | -  | -  | -  | 63 | 63 | 63 | 63 | 63 | 63 | 63 | 63 | 63 | 63 | 63 | 63 | 63 | 63 | 63 | 63 | 63 | 63 | 63 | 63 | 63 | -  |
#113:| 63 | 63 | 63 | 63 | 63 | 63 | 63 | 63 | 63 | 63 | 63 | 63 | 63 | -  | -  | 63 | -  | 63 | 63 | -  | -  | -  | -  | -  | -  | -  | -  | -  | -  | -  | -  | 63 | 63 | 63 | 63 | 63 | 63 | 63 | 63 | 63 | 63 | 63 | 63 | 63 | 63 | 63 | 63 | 63 | 63 | 63 | 63 | 63 | -  |
#114:| 63 | 63 | 63 | 63 | 63 | 63 | 115 | 63 | 63 | 63 | 63 | 63 | 63 | -  | -  | 63 | -  | 63 | 63 | -  | -  | -  | -  | -  | -  | -  | -  | -  | -  | -  | -  | 63 | 63 | 63 | 63 | 63 | 63 | 63 | 63 | 63 | 63 | 63 | 63 | 63 | 63 | 63 | 63 | 63 | 63 | 63 | 63 | 63 | -  |
#115:| 63 | 63 | 63 | 63 | 63 | 63 | 63 | 116 | 63 | 63 | 63 | 63 | 63 | -  | -  | 63 | -  | 63 | 63 | -  | -  | -  | -  | -  | -  | -  | -  | -  | -  | -  | -  | 63 | 63 | 63 | 63 | 63 | 63 | 63 | 63 | 63 | 63 | 63 | 63 | 63 | 63 | 63 | 63 | 63 | 63 | 63 | 63 | 63 | -  |
#116:| 63 | 63 | 63 | 63 | 63 | 63 | 63 | 63 | 63 | 63 | 63 | 63 | 63 | -  | -  | 63 | -  | 63 | 63 | -  | -  | -  | -  | -  | -  | -  | -  | -  | -  | -  | -  | 63 | 63 | 63 | 63 | 63 | 63 | 63 | 63 | 63 | 63 | 63 | 63 | 63 | 63 | 63 | 63 | 63 | 63 | 63 | 63 | 63 | -  |
     -------------------------------------------------------------------------------------------------------------------------------------------------------------------------------------------------------------------------------------------------------------------------
